This file contains any messages produced by compilers while
running configure, to aid debugging if configure makes a mistake.

It was created by sqlite configure 3.43.2, which was
generated by GNU Autoconf 2.69.  Invocation command line was

  $ ./configure 

## --------- ##
## Platform. ##
## --------- ##

hostname = ronaldo
uname -m = x86_64
uname -r = 23.0.0
uname -s = Darwin
uname -v = Darwin Kernel Version 23.0.0: Fri Sep 15 14:42:42 PDT 2023; root:xnu-10002.1.13~1/RELEASE_X86_64

/usr/bin/uname -p = i386
/bin/uname -X     = unknown

/bin/arch              = unknown
/usr/bin/arch -k       = unknown
/usr/convex/getsysinfo = unknown
/usr/bin/hostinfo      = Mach kernel version:
	 Darwin Kernel Version 23.0.0: Fri Sep 15 14:42:42 PDT 2023; root:xnu-10002.1.13~1/RELEASE_X86_64
Kernel configured for up to 16 processors.
8 processors are physically available.
16 processors are logically available.
Processor type: x86_64h (Intel x86-64h Haswell)
Processors active: 0 1 2 3 4 5 6 7 8 9 10 11 12 13 14 15
Primary memory available: 16.00 gigabytes
Default processor set: 693 tasks, 3360 threads, 16 processors
Load average: 5.91, Mach factor: 10.12
/bin/machine           = unknown
/usr/bin/oslevel       = unknown
/bin/universe          = unknown

PATH: /Users/christian/anaconda3/bin
PATH: /Users/christian/anaconda3/condabin
PATH: /usr/local/bin
PATH: /System/Cryptexes/App/usr/bin
PATH: /usr/bin
PATH: /bin
PATH: /usr/sbin
PATH: /sbin
PATH: /var/run/com.apple.security.cryptexd/codex.system/bootstrap/usr/local/bin
PATH: /var/run/com.apple.security.cryptexd/codex.system/bootstrap/usr/bin
PATH: /var/run/com.apple.security.cryptexd/codex.system/bootstrap/usr/appleinternal/bin
PATH: /opt/X11/bin
PATH: /Library/Apple/usr/bin
PATH: /Library/TeX/texbin
PATH: /usr/local/share/dotnet
PATH: ~/.dotnet/tools
PATH: /usr/local/go/bin
PATH: /Library/Frameworks/Mono.framework/Versions/Current/Commands
PATH: /Applications/Xamarin Workbooks.app/Contents/SharedSupport/path-bin
PATH: /Users/christian/.cargo/bin
PATH: /opt/local/bin
PATH: /Library/Tex/texbin
PATH: /Users/christian/export/opt/apache-maven-3.6.0/bin
PATH: /Users/christian/export/opt/apache-ant-1.10.7/bin
PATH: /Users/christian/anaconda3/bin
PATH: /Users/christian/export/opt/flutter/bin
PATH: /Users/christian/export/opt/depot_tools
PATH: /usr/local/Cellar/node/12.12.0/bin
PATH: /usr/local/mysql-8.0.19-macos10.15-x86_64/bin


## ----------- ##
## Core tests. ##
## ----------- ##

configure:2505: checking build system type
configure:2519: result: x86_64-apple-darwin23.0.0
configure:2539: checking host system type
configure:2552: result: x86_64-apple-darwin23.0.0
configure:2620: checking for gcc
configure:2636: found /usr/bin/gcc
configure:2647: result: gcc
configure:2876: checking for C compiler version
configure:2885: gcc --version >&5
Apple clang version 15.0.0 (clang-1500.0.40.1)
Target: x86_64-apple-darwin23.0.0
Thread model: posix
InstalledDir: /Applications/Xcode.app/Contents/Developer/Toolchains/XcodeDefault.xctoolchain/usr/bin
configure:2896: $? = 0
configure:2885: gcc -v >&5
Apple clang version 15.0.0 (clang-1500.0.40.1)
Target: x86_64-apple-darwin23.0.0
Thread model: posix
InstalledDir: /Applications/Xcode.app/Contents/Developer/Toolchains/XcodeDefault.xctoolchain/usr/bin
configure:2896: $? = 0
configure:2885: gcc -V >&5
clang: error: argument to '-V' is missing (expected 1 value)
clang: error: no input files
configure:2896: $? = 1
configure:2885: gcc -qversion >&5
clang: error: unknown argument '-qversion'; did you mean '--version'?
clang: error: no input files
configure:2896: $? = 1
configure:2916: checking whether the C compiler works
configure:2938: gcc    conftest.c  >&5
configure:2942: $? = 0
configure:2990: result: yes
configure:2993: checking for C compiler default output file name
configure:2995: result: a.out
configure:3001: checking for suffix of executables
configure:3008: gcc -o conftest    conftest.c  >&5
configure:3012: $? = 0
configure:3034: result: 
configure:3056: checking whether we are cross compiling
configure:3064: gcc -o conftest    conftest.c  >&5
configure:3068: $? = 0
configure:3075: ./conftest
configure:3079: $? = 0
configure:3094: result: no
configure:3099: checking for suffix of object files
configure:3121: gcc -c   conftest.c >&5
configure:3125: $? = 0
configure:3146: result: o
configure:3150: checking whether we are using the GNU C compiler
configure:3169: gcc -c   conftest.c >&5
configure:3169: $? = 0
configure:3178: result: yes
configure:3187: checking whether gcc accepts -g
configure:3207: gcc -c -g  conftest.c >&5
configure:3207: $? = 0
configure:3248: result: yes
configure:3265: checking for gcc option to accept ISO C89
configure:3328: gcc  -c -g -O2  conftest.c >&5
conftest.c:15:14: warning: a function definition without a prototype is deprecated in all versions of C and is not supported in C2x [-Wdeprecated-non-prototype]
static char *e (p, i)
             ^
1 warning generated.
configure:3328: $? = 0
configure:3341: result: none needed
configure:3361: checking for a sed that does not truncate output
configure:3425: result: /usr/local/bin/gsed
configure:3443: checking for grep that handles long lines and -e
configure:3501: result: /usr/bin/grep
configure:3506: checking for egrep
configure:3568: result: /usr/bin/grep -E
configure:3573: checking for fgrep
configure:3635: result: /usr/bin/grep -F
configure:3670: checking for ld used by gcc
configure:3737: result: /Applications/Xcode.app/Contents/Developer/Toolchains/XcodeDefault.xctoolchain/usr/bin/ld
configure:3744: checking if the linker (/Applications/Xcode.app/Contents/Developer/Toolchains/XcodeDefault.xctoolchain/usr/bin/ld) is GNU ld
configure:3759: result: no
configure:3771: checking for BSD- or MS-compatible name lister (nm)
configure:3820: result: /usr/bin/nm -B
configure:3938: checking the name lister (/usr/bin/nm -B) interface
configure:3945: gcc -c -g -O2  conftest.c >&5
configure:3948: /usr/bin/nm -B "conftest.o"
configure:3951: output
0000000000000290 S _some_variable
configure:3958: result: BSD nm
configure:3961: checking whether ln -s works
configure:3965: result: yes
configure:3973: checking the maximum length of command line arguments
configure:4093: result: 786432
configure:4110: checking whether the shell understands some XSI constructs
configure:4120: result: yes
configure:4124: checking whether the shell understands "+="
configure:4130: result: yes
configure:4165: checking for /Applications/Xcode.app/Contents/Developer/Toolchains/XcodeDefault.xctoolchain/usr/bin/ld option to reload object files
configure:4172: result: -r
configure:4241: checking for objdump
configure:4257: found /usr/bin/objdump
configure:4268: result: objdump
configure:4300: checking how to recognize dependent libraries
configure:4496: result: pass_all
configure:4556: checking for ar
configure:4572: found /Users/christian/anaconda3/bin/ar
configure:4583: result: ar
configure:4661: checking for strip
configure:4677: found /Users/christian/anaconda3/bin/strip
configure:4688: result: strip
configure:4760: checking for ranlib
configure:4776: found /Users/christian/anaconda3/bin/ranlib
configure:4787: result: ranlib
configure:4877: checking command to parse /usr/bin/nm -B output from gcc object
configure:4995: gcc -c -g -O2  conftest.c >&5
configure:4998: $? = 0
configure:5002: /usr/bin/nm -B conftest.o \| sed -n -e 's/^.*[	 ]\([ABCDGIRSTW][ABCDGIRSTW]*\)[	 ][	 ]*\([_A-Za-z][_A-Za-z0-9]*\)$/\1 \2 \2/p' \> conftest.nm
configure:5005: $? = 0
cannot find nm_test_var in conftest.nm
configure:4995: gcc -c -g -O2  conftest.c >&5
configure:4998: $? = 0
configure:5002: /usr/bin/nm -B conftest.o \| sed -n -e 's/^.*[	 ]\([ABCDGIRSTW][ABCDGIRSTW]*\)[	 ][	 ]*_\([_A-Za-z][_A-Za-z0-9]*\)$/\1 _\2 \2/p' \> conftest.nm
configure:5005: $? = 0
configure:5059: gcc -o conftest -g -O2   conftest.c conftstm.o >&5
configure:5062: $? = 0
configure:5100: result: ok
configure:5365: checking for dsymutil
configure:5381: found /usr/bin/dsymutil
configure:5392: result: dsymutil
configure:5457: checking for nmedit
configure:5473: found /Users/christian/anaconda3/bin/nmedit
configure:5484: result: nmedit
configure:5549: checking for lipo
configure:5565: found /Users/christian/anaconda3/bin/lipo
configure:5576: result: lipo
configure:5641: checking for otool
configure:5657: found /Users/christian/anaconda3/bin/otool
configure:5668: result: otool
configure:5733: checking for otool64
configure:5763: result: no
configure:5808: checking for -single_module linker flag
gcc -g -O2  -o libconftest.dylib -dynamiclib -Wl,-single_module conftest.c
ld: warning: -single_module is obsolete
configure:5835: result: no
configure:5837: checking for -exported_symbols_list linker flag
configure:5857: gcc -o conftest -g -O2   -Wl,-exported_symbols_list,conftest.sym conftest.c  >&5
configure:5857: $? = 0
configure:5867: result: yes
configure:5909: checking how to run the C preprocessor
configure:5940: gcc -E  conftest.c
configure:5940: $? = 0
configure:5954: gcc -E  conftest.c
conftest.c:9:10: fatal error: 'ac_nonexistent.h' file not found
#include <ac_nonexistent.h>
         ^~~~~~~~~~~~~~~~~~
1 error generated.
configure:5954: $? = 1
configure: failed program was:
| /* confdefs.h */
| #define PACKAGE_NAME "sqlite"
| #define PACKAGE_TARNAME "sqlite"
| #define PACKAGE_VERSION "3.43.2"
| #define PACKAGE_STRING "sqlite 3.43.2"
| #define PACKAGE_BUGREPORT ""
| #define PACKAGE_URL ""
| /* end confdefs.h.  */
| #include <ac_nonexistent.h>
configure:5979: result: gcc -E
configure:5999: gcc -E  conftest.c
configure:5999: $? = 0
configure:6013: gcc -E  conftest.c
conftest.c:9:10: fatal error: 'ac_nonexistent.h' file not found
#include <ac_nonexistent.h>
         ^~~~~~~~~~~~~~~~~~
1 error generated.
configure:6013: $? = 1
configure: failed program was:
| /* confdefs.h */
| #define PACKAGE_NAME "sqlite"
| #define PACKAGE_TARNAME "sqlite"
| #define PACKAGE_VERSION "3.43.2"
| #define PACKAGE_STRING "sqlite 3.43.2"
| #define PACKAGE_BUGREPORT ""
| #define PACKAGE_URL ""
| /* end confdefs.h.  */
| #include <ac_nonexistent.h>
configure:6042: checking for ANSI C header files
configure:6062: gcc -c -g -O2  conftest.c >&5
configure:6062: $? = 0
configure:6135: gcc -o conftest -g -O2   conftest.c  >&5
configure:6135: $? = 0
configure:6135: ./conftest
configure:6135: $? = 0
configure:6146: result: yes
configure:6159: checking for sys/types.h
configure:6159: gcc -c -g -O2  conftest.c >&5
configure:6159: $? = 0
configure:6159: result: yes
configure:6159: checking for sys/stat.h
configure:6159: gcc -c -g -O2  conftest.c >&5
configure:6159: $? = 0
configure:6159: result: yes
configure:6159: checking for stdlib.h
configure:6159: gcc -c -g -O2  conftest.c >&5
configure:6159: $? = 0
configure:6159: result: yes
configure:6159: checking for string.h
configure:6159: gcc -c -g -O2  conftest.c >&5
configure:6159: $? = 0
configure:6159: result: yes
configure:6159: checking for memory.h
configure:6159: gcc -c -g -O2  conftest.c >&5
configure:6159: $? = 0
configure:6159: result: yes
configure:6159: checking for strings.h
configure:6159: gcc -c -g -O2  conftest.c >&5
configure:6159: $? = 0
configure:6159: result: yes
configure:6159: checking for inttypes.h
configure:6159: gcc -c -g -O2  conftest.c >&5
configure:6159: $? = 0
configure:6159: result: yes
configure:6159: checking for stdint.h
configure:6159: gcc -c -g -O2  conftest.c >&5
configure:6159: $? = 0
configure:6159: result: yes
configure:6159: checking for unistd.h
configure:6159: gcc -c -g -O2  conftest.c >&5
configure:6159: $? = 0
configure:6159: result: yes
configure:6173: checking for dlfcn.h
configure:6173: gcc -c -g -O2  conftest.c >&5
configure:6173: $? = 0
configure:6173: result: yes
configure:6357: checking for objdir
configure:6372: result: .libs
configure:6664: checking if gcc supports -fno-rtti -fno-exceptions
configure:6682: gcc -c -g -O2  -fno-rtti -fno-exceptions conftest.c >&5
configure:6686: $? = 0
configure:6699: result: yes
configure:6719: checking for gcc option to produce PIC
configure:6991: result: -fno-common -DPIC
configure:7003: checking if gcc PIC flag -fno-common -DPIC works
configure:7021: gcc -c -g -O2  -fno-common -DPIC -DPIC conftest.c >&5
configure:7025: $? = 0
configure:7038: result: yes
configure:7062: checking if gcc static flag -static works
configure:7090: result: no
configure:7105: checking if gcc supports -c -o file.o
configure:7126: gcc -c -g -O2  -o out/conftest2.o conftest.c >&5
configure:7130: $? = 0
configure:7152: result: yes
configure:7160: checking if gcc supports -c -o file.o
configure:7207: result: yes
configure:7240: checking whether the gcc linker (/Applications/Xcode.app/Contents/Developer/Toolchains/XcodeDefault.xctoolchain/usr/bin/ld) supports shared libraries
configure:8226: result: yes
configure:8465: checking dynamic linker characteristics
configure:9129: result: darwin23.0.0 dyld
configure:9231: checking how to hardcode library paths into programs
configure:9256: result: immediate
configure:9776: checking whether stripping libraries is possible
configure:9790: result: yes
configure:9816: checking if libtool supports shared libraries
configure:9818: result: yes
configure:9821: checking whether to build shared libraries
configure:9842: result: yes
configure:9845: checking whether to build static libraries
configure:9849: result: yes
configure:9898: checking for a BSD-compatible install
configure:9966: result: /usr/bin/install -c
configure:9988: checking for special C compiler options needed for large files
configure:10033: result: no
configure:10039: checking for _FILE_OFFSET_BITS value needed for large files
configure:10064: gcc -c -g -O2  conftest.c >&5
configure:10064: $? = 0
configure:10096: result: no
configure:10184: checking for int8_t
configure:10184: gcc -c -g -O2  conftest.c >&5
configure:10184: $? = 0
configure:10184: gcc -c -g -O2  conftest.c >&5
conftest.c:57:21: error: expected expression
if (sizeof ((int8_t)))
                    ^
1 error generated.
configure:10184: $? = 1
configure: failed program was:
| /* confdefs.h */
| #define PACKAGE_NAME "sqlite"
| #define PACKAGE_TARNAME "sqlite"
| #define PACKAGE_VERSION "3.43.2"
| #define PACKAGE_STRING "sqlite 3.43.2"
| #define PACKAGE_BUGREPORT ""
| #define PACKAGE_URL ""
| #define STDC_HEADERS 1
| #define HAVE_SYS_TYPES_H 1
| #define HAVE_SYS_STAT_H 1
| #define HAVE_STDLIB_H 1
| #define HAVE_STRING_H 1
| #define HAVE_MEMORY_H 1
| #define HAVE_STRINGS_H 1
| #define HAVE_INTTYPES_H 1
| #define HAVE_STDINT_H 1
| #define HAVE_UNISTD_H 1
| #define HAVE_DLFCN_H 1
| #define LT_OBJDIR ".libs/"
| /* end confdefs.h.  */
| #include <stdio.h>
| #ifdef HAVE_SYS_TYPES_H
| # include <sys/types.h>
| #endif
| #ifdef HAVE_SYS_STAT_H
| # include <sys/stat.h>
| #endif
| #ifdef STDC_HEADERS
| # include <stdlib.h>
| # include <stddef.h>
| #else
| # ifdef HAVE_STDLIB_H
| #  include <stdlib.h>
| # endif
| #endif
| #ifdef HAVE_STRING_H
| # if !defined STDC_HEADERS && defined HAVE_MEMORY_H
| #  include <memory.h>
| # endif
| # include <string.h>
| #endif
| #ifdef HAVE_STRINGS_H
| # include <strings.h>
| #endif
| #ifdef HAVE_INTTYPES_H
| # include <inttypes.h>
| #endif
| #ifdef HAVE_STDINT_H
| # include <stdint.h>
| #endif
| #ifdef HAVE_UNISTD_H
| # include <unistd.h>
| #endif
| int
| main ()
| {
| if (sizeof ((int8_t)))
| 	    return 0;
|   ;
|   return 0;
| }
configure:10184: result: yes
configure:10193: checking for int16_t
configure:10193: gcc -c -g -O2  conftest.c >&5
configure:10193: $? = 0
configure:10193: gcc -c -g -O2  conftest.c >&5
conftest.c:58:22: error: expected expression
if (sizeof ((int16_t)))
                     ^
1 error generated.
configure:10193: $? = 1
configure: failed program was:
| /* confdefs.h */
| #define PACKAGE_NAME "sqlite"
| #define PACKAGE_TARNAME "sqlite"
| #define PACKAGE_VERSION "3.43.2"
| #define PACKAGE_STRING "sqlite 3.43.2"
| #define PACKAGE_BUGREPORT ""
| #define PACKAGE_URL ""
| #define STDC_HEADERS 1
| #define HAVE_SYS_TYPES_H 1
| #define HAVE_SYS_STAT_H 1
| #define HAVE_STDLIB_H 1
| #define HAVE_STRING_H 1
| #define HAVE_MEMORY_H 1
| #define HAVE_STRINGS_H 1
| #define HAVE_INTTYPES_H 1
| #define HAVE_STDINT_H 1
| #define HAVE_UNISTD_H 1
| #define HAVE_DLFCN_H 1
| #define LT_OBJDIR ".libs/"
| #define HAVE_INT8_T 1
| /* end confdefs.h.  */
| #include <stdio.h>
| #ifdef HAVE_SYS_TYPES_H
| # include <sys/types.h>
| #endif
| #ifdef HAVE_SYS_STAT_H
| # include <sys/stat.h>
| #endif
| #ifdef STDC_HEADERS
| # include <stdlib.h>
| # include <stddef.h>
| #else
| # ifdef HAVE_STDLIB_H
| #  include <stdlib.h>
| # endif
| #endif
| #ifdef HAVE_STRING_H
| # if !defined STDC_HEADERS && defined HAVE_MEMORY_H
| #  include <memory.h>
| # endif
| # include <string.h>
| #endif
| #ifdef HAVE_STRINGS_H
| # include <strings.h>
| #endif
| #ifdef HAVE_INTTYPES_H
| # include <inttypes.h>
| #endif
| #ifdef HAVE_STDINT_H
| # include <stdint.h>
| #endif
| #ifdef HAVE_UNISTD_H
| # include <unistd.h>
| #endif
| int
| main ()
| {
| if (sizeof ((int16_t)))
| 	    return 0;
|   ;
|   return 0;
| }
configure:10193: result: yes
configure:10202: checking for int32_t
configure:10202: gcc -c -g -O2  conftest.c >&5
configure:10202: $? = 0
configure:10202: gcc -c -g -O2  conftest.c >&5
conftest.c:59:22: error: expected expression
if (sizeof ((int32_t)))
                     ^
1 error generated.
configure:10202: $? = 1
configure: failed program was:
| /* confdefs.h */
| #define PACKAGE_NAME "sqlite"
| #define PACKAGE_TARNAME "sqlite"
| #define PACKAGE_VERSION "3.43.2"
| #define PACKAGE_STRING "sqlite 3.43.2"
| #define PACKAGE_BUGREPORT ""
| #define PACKAGE_URL ""
| #define STDC_HEADERS 1
| #define HAVE_SYS_TYPES_H 1
| #define HAVE_SYS_STAT_H 1
| #define HAVE_STDLIB_H 1
| #define HAVE_STRING_H 1
| #define HAVE_MEMORY_H 1
| #define HAVE_STRINGS_H 1
| #define HAVE_INTTYPES_H 1
| #define HAVE_STDINT_H 1
| #define HAVE_UNISTD_H 1
| #define HAVE_DLFCN_H 1
| #define LT_OBJDIR ".libs/"
| #define HAVE_INT8_T 1
| #define HAVE_INT16_T 1
| /* end confdefs.h.  */
| #include <stdio.h>
| #ifdef HAVE_SYS_TYPES_H
| # include <sys/types.h>
| #endif
| #ifdef HAVE_SYS_STAT_H
| # include <sys/stat.h>
| #endif
| #ifdef STDC_HEADERS
| # include <stdlib.h>
| # include <stddef.h>
| #else
| # ifdef HAVE_STDLIB_H
| #  include <stdlib.h>
| # endif
| #endif
| #ifdef HAVE_STRING_H
| # if !defined STDC_HEADERS && defined HAVE_MEMORY_H
| #  include <memory.h>
| # endif
| # include <string.h>
| #endif
| #ifdef HAVE_STRINGS_H
| # include <strings.h>
| #endif
| #ifdef HAVE_INTTYPES_H
| # include <inttypes.h>
| #endif
| #ifdef HAVE_STDINT_H
| # include <stdint.h>
| #endif
| #ifdef HAVE_UNISTD_H
| # include <unistd.h>
| #endif
| int
| main ()
| {
| if (sizeof ((int32_t)))
| 	    return 0;
|   ;
|   return 0;
| }
configure:10202: result: yes
configure:10211: checking for int64_t
configure:10211: gcc -c -g -O2  conftest.c >&5
configure:10211: $? = 0
configure:10211: gcc -c -g -O2  conftest.c >&5
conftest.c:60:22: error: expected expression
if (sizeof ((int64_t)))
                     ^
1 error generated.
configure:10211: $? = 1
configure: failed program was:
| /* confdefs.h */
| #define PACKAGE_NAME "sqlite"
| #define PACKAGE_TARNAME "sqlite"
| #define PACKAGE_VERSION "3.43.2"
| #define PACKAGE_STRING "sqlite 3.43.2"
| #define PACKAGE_BUGREPORT ""
| #define PACKAGE_URL ""
| #define STDC_HEADERS 1
| #define HAVE_SYS_TYPES_H 1
| #define HAVE_SYS_STAT_H 1
| #define HAVE_STDLIB_H 1
| #define HAVE_STRING_H 1
| #define HAVE_MEMORY_H 1
| #define HAVE_STRINGS_H 1
| #define HAVE_INTTYPES_H 1
| #define HAVE_STDINT_H 1
| #define HAVE_UNISTD_H 1
| #define HAVE_DLFCN_H 1
| #define LT_OBJDIR ".libs/"
| #define HAVE_INT8_T 1
| #define HAVE_INT16_T 1
| #define HAVE_INT32_T 1
| /* end confdefs.h.  */
| #include <stdio.h>
| #ifdef HAVE_SYS_TYPES_H
| # include <sys/types.h>
| #endif
| #ifdef HAVE_SYS_STAT_H
| # include <sys/stat.h>
| #endif
| #ifdef STDC_HEADERS
| # include <stdlib.h>
| # include <stddef.h>
| #else
| # ifdef HAVE_STDLIB_H
| #  include <stdlib.h>
| # endif
| #endif
| #ifdef HAVE_STRING_H
| # if !defined STDC_HEADERS && defined HAVE_MEMORY_H
| #  include <memory.h>
| # endif
| # include <string.h>
| #endif
| #ifdef HAVE_STRINGS_H
| # include <strings.h>
| #endif
| #ifdef HAVE_INTTYPES_H
| # include <inttypes.h>
| #endif
| #ifdef HAVE_STDINT_H
| # include <stdint.h>
| #endif
| #ifdef HAVE_UNISTD_H
| # include <unistd.h>
| #endif
| int
| main ()
| {
| if (sizeof ((int64_t)))
| 	    return 0;
|   ;
|   return 0;
| }
configure:10211: result: yes
configure:10220: checking for intptr_t
configure:10220: gcc -c -g -O2  conftest.c >&5
configure:10220: $? = 0
configure:10220: gcc -c -g -O2  conftest.c >&5
conftest.c:61:23: error: expected expression
if (sizeof ((intptr_t)))
                      ^
1 error generated.
configure:10220: $? = 1
configure: failed program was:
| /* confdefs.h */
| #define PACKAGE_NAME "sqlite"
| #define PACKAGE_TARNAME "sqlite"
| #define PACKAGE_VERSION "3.43.2"
| #define PACKAGE_STRING "sqlite 3.43.2"
| #define PACKAGE_BUGREPORT ""
| #define PACKAGE_URL ""
| #define STDC_HEADERS 1
| #define HAVE_SYS_TYPES_H 1
| #define HAVE_SYS_STAT_H 1
| #define HAVE_STDLIB_H 1
| #define HAVE_STRING_H 1
| #define HAVE_MEMORY_H 1
| #define HAVE_STRINGS_H 1
| #define HAVE_INTTYPES_H 1
| #define HAVE_STDINT_H 1
| #define HAVE_UNISTD_H 1
| #define HAVE_DLFCN_H 1
| #define LT_OBJDIR ".libs/"
| #define HAVE_INT8_T 1
| #define HAVE_INT16_T 1
| #define HAVE_INT32_T 1
| #define HAVE_INT64_T 1
| /* end confdefs.h.  */
| #include <stdio.h>
| #ifdef HAVE_SYS_TYPES_H
| # include <sys/types.h>
| #endif
| #ifdef HAVE_SYS_STAT_H
| # include <sys/stat.h>
| #endif
| #ifdef STDC_HEADERS
| # include <stdlib.h>
| # include <stddef.h>
| #else
| # ifdef HAVE_STDLIB_H
| #  include <stdlib.h>
| # endif
| #endif
| #ifdef HAVE_STRING_H
| # if !defined STDC_HEADERS && defined HAVE_MEMORY_H
| #  include <memory.h>
| # endif
| # include <string.h>
| #endif
| #ifdef HAVE_STRINGS_H
| # include <strings.h>
| #endif
| #ifdef HAVE_INTTYPES_H
| # include <inttypes.h>
| #endif
| #ifdef HAVE_STDINT_H
| # include <stdint.h>
| #endif
| #ifdef HAVE_UNISTD_H
| # include <unistd.h>
| #endif
| int
| main ()
| {
| if (sizeof ((intptr_t)))
| 	    return 0;
|   ;
|   return 0;
| }
configure:10220: result: yes
configure:10229: checking for uint8_t
configure:10229: gcc -c -g -O2  conftest.c >&5
configure:10229: $? = 0
configure:10229: gcc -c -g -O2  conftest.c >&5
conftest.c:62:22: error: expected expression
if (sizeof ((uint8_t)))
                     ^
1 error generated.
configure:10229: $? = 1
configure: failed program was:
| /* confdefs.h */
| #define PACKAGE_NAME "sqlite"
| #define PACKAGE_TARNAME "sqlite"
| #define PACKAGE_VERSION "3.43.2"
| #define PACKAGE_STRING "sqlite 3.43.2"
| #define PACKAGE_BUGREPORT ""
| #define PACKAGE_URL ""
| #define STDC_HEADERS 1
| #define HAVE_SYS_TYPES_H 1
| #define HAVE_SYS_STAT_H 1
| #define HAVE_STDLIB_H 1
| #define HAVE_STRING_H 1
| #define HAVE_MEMORY_H 1
| #define HAVE_STRINGS_H 1
| #define HAVE_INTTYPES_H 1
| #define HAVE_STDINT_H 1
| #define HAVE_UNISTD_H 1
| #define HAVE_DLFCN_H 1
| #define LT_OBJDIR ".libs/"
| #define HAVE_INT8_T 1
| #define HAVE_INT16_T 1
| #define HAVE_INT32_T 1
| #define HAVE_INT64_T 1
| #define HAVE_INTPTR_T 1
| /* end confdefs.h.  */
| #include <stdio.h>
| #ifdef HAVE_SYS_TYPES_H
| # include <sys/types.h>
| #endif
| #ifdef HAVE_SYS_STAT_H
| # include <sys/stat.h>
| #endif
| #ifdef STDC_HEADERS
| # include <stdlib.h>
| # include <stddef.h>
| #else
| # ifdef HAVE_STDLIB_H
| #  include <stdlib.h>
| # endif
| #endif
| #ifdef HAVE_STRING_H
| # if !defined STDC_HEADERS && defined HAVE_MEMORY_H
| #  include <memory.h>
| # endif
| # include <string.h>
| #endif
| #ifdef HAVE_STRINGS_H
| # include <strings.h>
| #endif
| #ifdef HAVE_INTTYPES_H
| # include <inttypes.h>
| #endif
| #ifdef HAVE_STDINT_H
| # include <stdint.h>
| #endif
| #ifdef HAVE_UNISTD_H
| # include <unistd.h>
| #endif
| int
| main ()
| {
| if (sizeof ((uint8_t)))
| 	    return 0;
|   ;
|   return 0;
| }
configure:10229: result: yes
configure:10238: checking for uint16_t
configure:10238: gcc -c -g -O2  conftest.c >&5
configure:10238: $? = 0
configure:10238: gcc -c -g -O2  conftest.c >&5
conftest.c:63:23: error: expected expression
if (sizeof ((uint16_t)))
                      ^
1 error generated.
configure:10238: $? = 1
configure: failed program was:
| /* confdefs.h */
| #define PACKAGE_NAME "sqlite"
| #define PACKAGE_TARNAME "sqlite"
| #define PACKAGE_VERSION "3.43.2"
| #define PACKAGE_STRING "sqlite 3.43.2"
| #define PACKAGE_BUGREPORT ""
| #define PACKAGE_URL ""
| #define STDC_HEADERS 1
| #define HAVE_SYS_TYPES_H 1
| #define HAVE_SYS_STAT_H 1
| #define HAVE_STDLIB_H 1
| #define HAVE_STRING_H 1
| #define HAVE_MEMORY_H 1
| #define HAVE_STRINGS_H 1
| #define HAVE_INTTYPES_H 1
| #define HAVE_STDINT_H 1
| #define HAVE_UNISTD_H 1
| #define HAVE_DLFCN_H 1
| #define LT_OBJDIR ".libs/"
| #define HAVE_INT8_T 1
| #define HAVE_INT16_T 1
| #define HAVE_INT32_T 1
| #define HAVE_INT64_T 1
| #define HAVE_INTPTR_T 1
| #define HAVE_UINT8_T 1
| /* end confdefs.h.  */
| #include <stdio.h>
| #ifdef HAVE_SYS_TYPES_H
| # include <sys/types.h>
| #endif
| #ifdef HAVE_SYS_STAT_H
| # include <sys/stat.h>
| #endif
| #ifdef STDC_HEADERS
| # include <stdlib.h>
| # include <stddef.h>
| #else
| # ifdef HAVE_STDLIB_H
| #  include <stdlib.h>
| # endif
| #endif
| #ifdef HAVE_STRING_H
| # if !defined STDC_HEADERS && defined HAVE_MEMORY_H
| #  include <memory.h>
| # endif
| # include <string.h>
| #endif
| #ifdef HAVE_STRINGS_H
| # include <strings.h>
| #endif
| #ifdef HAVE_INTTYPES_H
| # include <inttypes.h>
| #endif
| #ifdef HAVE_STDINT_H
| # include <stdint.h>
| #endif
| #ifdef HAVE_UNISTD_H
| # include <unistd.h>
| #endif
| int
| main ()
| {
| if (sizeof ((uint16_t)))
| 	    return 0;
|   ;
|   return 0;
| }
configure:10238: result: yes
configure:10247: checking for uint32_t
configure:10247: gcc -c -g -O2  conftest.c >&5
configure:10247: $? = 0
configure:10247: gcc -c -g -O2  conftest.c >&5
conftest.c:64:23: error: expected expression
if (sizeof ((uint32_t)))
                      ^
1 error generated.
configure:10247: $? = 1
configure: failed program was:
| /* confdefs.h */
| #define PACKAGE_NAME "sqlite"
| #define PACKAGE_TARNAME "sqlite"
| #define PACKAGE_VERSION "3.43.2"
| #define PACKAGE_STRING "sqlite 3.43.2"
| #define PACKAGE_BUGREPORT ""
| #define PACKAGE_URL ""
| #define STDC_HEADERS 1
| #define HAVE_SYS_TYPES_H 1
| #define HAVE_SYS_STAT_H 1
| #define HAVE_STDLIB_H 1
| #define HAVE_STRING_H 1
| #define HAVE_MEMORY_H 1
| #define HAVE_STRINGS_H 1
| #define HAVE_INTTYPES_H 1
| #define HAVE_STDINT_H 1
| #define HAVE_UNISTD_H 1
| #define HAVE_DLFCN_H 1
| #define LT_OBJDIR ".libs/"
| #define HAVE_INT8_T 1
| #define HAVE_INT16_T 1
| #define HAVE_INT32_T 1
| #define HAVE_INT64_T 1
| #define HAVE_INTPTR_T 1
| #define HAVE_UINT8_T 1
| #define HAVE_UINT16_T 1
| /* end confdefs.h.  */
| #include <stdio.h>
| #ifdef HAVE_SYS_TYPES_H
| # include <sys/types.h>
| #endif
| #ifdef HAVE_SYS_STAT_H
| # include <sys/stat.h>
| #endif
| #ifdef STDC_HEADERS
| # include <stdlib.h>
| # include <stddef.h>
| #else
| # ifdef HAVE_STDLIB_H
| #  include <stdlib.h>
| # endif
| #endif
| #ifdef HAVE_STRING_H
| # if !defined STDC_HEADERS && defined HAVE_MEMORY_H
| #  include <memory.h>
| # endif
| # include <string.h>
| #endif
| #ifdef HAVE_STRINGS_H
| # include <strings.h>
| #endif
| #ifdef HAVE_INTTYPES_H
| # include <inttypes.h>
| #endif
| #ifdef HAVE_STDINT_H
| # include <stdint.h>
| #endif
| #ifdef HAVE_UNISTD_H
| # include <unistd.h>
| #endif
| int
| main ()
| {
| if (sizeof ((uint32_t)))
| 	    return 0;
|   ;
|   return 0;
| }
configure:10247: result: yes
configure:10256: checking for uint64_t
configure:10256: gcc -c -g -O2  conftest.c >&5
configure:10256: $? = 0
configure:10256: gcc -c -g -O2  conftest.c >&5
conftest.c:65:23: error: expected expression
if (sizeof ((uint64_t)))
                      ^
1 error generated.
configure:10256: $? = 1
configure: failed program was:
| /* confdefs.h */
| #define PACKAGE_NAME "sqlite"
| #define PACKAGE_TARNAME "sqlite"
| #define PACKAGE_VERSION "3.43.2"
| #define PACKAGE_STRING "sqlite 3.43.2"
| #define PACKAGE_BUGREPORT ""
| #define PACKAGE_URL ""
| #define STDC_HEADERS 1
| #define HAVE_SYS_TYPES_H 1
| #define HAVE_SYS_STAT_H 1
| #define HAVE_STDLIB_H 1
| #define HAVE_STRING_H 1
| #define HAVE_MEMORY_H 1
| #define HAVE_STRINGS_H 1
| #define HAVE_INTTYPES_H 1
| #define HAVE_STDINT_H 1
| #define HAVE_UNISTD_H 1
| #define HAVE_DLFCN_H 1
| #define LT_OBJDIR ".libs/"
| #define HAVE_INT8_T 1
| #define HAVE_INT16_T 1
| #define HAVE_INT32_T 1
| #define HAVE_INT64_T 1
| #define HAVE_INTPTR_T 1
| #define HAVE_UINT8_T 1
| #define HAVE_UINT16_T 1
| #define HAVE_UINT32_T 1
| /* end confdefs.h.  */
| #include <stdio.h>
| #ifdef HAVE_SYS_TYPES_H
| # include <sys/types.h>
| #endif
| #ifdef HAVE_SYS_STAT_H
| # include <sys/stat.h>
| #endif
| #ifdef STDC_HEADERS
| # include <stdlib.h>
| # include <stddef.h>
| #else
| # ifdef HAVE_STDLIB_H
| #  include <stdlib.h>
| # endif
| #endif
| #ifdef HAVE_STRING_H
| # if !defined STDC_HEADERS && defined HAVE_MEMORY_H
| #  include <memory.h>
| # endif
| # include <string.h>
| #endif
| #ifdef HAVE_STRINGS_H
| # include <strings.h>
| #endif
| #ifdef HAVE_INTTYPES_H
| # include <inttypes.h>
| #endif
| #ifdef HAVE_STDINT_H
| # include <stdint.h>
| #endif
| #ifdef HAVE_UNISTD_H
| # include <unistd.h>
| #endif
| int
| main ()
| {
| if (sizeof ((uint64_t)))
| 	    return 0;
|   ;
|   return 0;
| }
configure:10256: result: yes
configure:10265: checking for uintptr_t
configure:10265: gcc -c -g -O2  conftest.c >&5
configure:10265: $? = 0
configure:10265: gcc -c -g -O2  conftest.c >&5
conftest.c:66:24: error: expected expression
if (sizeof ((uintptr_t)))
                       ^
1 error generated.
configure:10265: $? = 1
configure: failed program was:
| /* confdefs.h */
| #define PACKAGE_NAME "sqlite"
| #define PACKAGE_TARNAME "sqlite"
| #define PACKAGE_VERSION "3.43.2"
| #define PACKAGE_STRING "sqlite 3.43.2"
| #define PACKAGE_BUGREPORT ""
| #define PACKAGE_URL ""
| #define STDC_HEADERS 1
| #define HAVE_SYS_TYPES_H 1
| #define HAVE_SYS_STAT_H 1
| #define HAVE_STDLIB_H 1
| #define HAVE_STRING_H 1
| #define HAVE_MEMORY_H 1
| #define HAVE_STRINGS_H 1
| #define HAVE_INTTYPES_H 1
| #define HAVE_STDINT_H 1
| #define HAVE_UNISTD_H 1
| #define HAVE_DLFCN_H 1
| #define LT_OBJDIR ".libs/"
| #define HAVE_INT8_T 1
| #define HAVE_INT16_T 1
| #define HAVE_INT32_T 1
| #define HAVE_INT64_T 1
| #define HAVE_INTPTR_T 1
| #define HAVE_UINT8_T 1
| #define HAVE_UINT16_T 1
| #define HAVE_UINT32_T 1
| #define HAVE_UINT64_T 1
| /* end confdefs.h.  */
| #include <stdio.h>
| #ifdef HAVE_SYS_TYPES_H
| # include <sys/types.h>
| #endif
| #ifdef HAVE_SYS_STAT_H
| # include <sys/stat.h>
| #endif
| #ifdef STDC_HEADERS
| # include <stdlib.h>
| # include <stddef.h>
| #else
| # ifdef HAVE_STDLIB_H
| #  include <stdlib.h>
| # endif
| #endif
| #ifdef HAVE_STRING_H
| # if !defined STDC_HEADERS && defined HAVE_MEMORY_H
| #  include <memory.h>
| # endif
| # include <string.h>
| #endif
| #ifdef HAVE_STRINGS_H
| # include <strings.h>
| #endif
| #ifdef HAVE_INTTYPES_H
| # include <inttypes.h>
| #endif
| #ifdef HAVE_STDINT_H
| # include <stdint.h>
| #endif
| #ifdef HAVE_UNISTD_H
| # include <unistd.h>
| #endif
| int
| main ()
| {
| if (sizeof ((uintptr_t)))
| 	    return 0;
|   ;
|   return 0;
| }
configure:10265: result: yes
configure:10281: checking for sys/types.h
configure:10281: result: yes
configure:10281: checking for stdlib.h
configure:10281: result: yes
configure:10281: checking for stdint.h
configure:10281: result: yes
configure:10281: checking for inttypes.h
configure:10281: result: yes
configure:10281: checking malloc.h usability
configure:10281: gcc -c -g -O2  conftest.c >&5
conftest.c:68:10: fatal error: 'malloc.h' file not found
#include <malloc.h>
         ^~~~~~~~~~
1 error generated.
configure:10281: $? = 1
configure: failed program was:
| /* confdefs.h */
| #define PACKAGE_NAME "sqlite"
| #define PACKAGE_TARNAME "sqlite"
| #define PACKAGE_VERSION "3.43.2"
| #define PACKAGE_STRING "sqlite 3.43.2"
| #define PACKAGE_BUGREPORT ""
| #define PACKAGE_URL ""
| #define STDC_HEADERS 1
| #define HAVE_SYS_TYPES_H 1
| #define HAVE_SYS_STAT_H 1
| #define HAVE_STDLIB_H 1
| #define HAVE_STRING_H 1
| #define HAVE_MEMORY_H 1
| #define HAVE_STRINGS_H 1
| #define HAVE_INTTYPES_H 1
| #define HAVE_STDINT_H 1
| #define HAVE_UNISTD_H 1
| #define HAVE_DLFCN_H 1
| #define LT_OBJDIR ".libs/"
| #define HAVE_INT8_T 1
| #define HAVE_INT16_T 1
| #define HAVE_INT32_T 1
| #define HAVE_INT64_T 1
| #define HAVE_INTPTR_T 1
| #define HAVE_UINT8_T 1
| #define HAVE_UINT16_T 1
| #define HAVE_UINT32_T 1
| #define HAVE_UINT64_T 1
| #define HAVE_UINTPTR_T 1
| #define HAVE_SYS_TYPES_H 1
| #define HAVE_STDLIB_H 1
| #define HAVE_STDINT_H 1
| #define HAVE_INTTYPES_H 1
| /* end confdefs.h.  */
| #include <stdio.h>
| #ifdef HAVE_SYS_TYPES_H
| # include <sys/types.h>
| #endif
| #ifdef HAVE_SYS_STAT_H
| # include <sys/stat.h>
| #endif
| #ifdef STDC_HEADERS
| # include <stdlib.h>
| # include <stddef.h>
| #else
| # ifdef HAVE_STDLIB_H
| #  include <stdlib.h>
| # endif
| #endif
| #ifdef HAVE_STRING_H
| # if !defined STDC_HEADERS && defined HAVE_MEMORY_H
| #  include <memory.h>
| # endif
| # include <string.h>
| #endif
| #ifdef HAVE_STRINGS_H
| # include <strings.h>
| #endif
| #ifdef HAVE_INTTYPES_H
| # include <inttypes.h>
| #endif
| #ifdef HAVE_STDINT_H
| # include <stdint.h>
| #endif
| #ifdef HAVE_UNISTD_H
| # include <unistd.h>
| #endif
| #include <malloc.h>
configure:10281: result: no
configure:10281: checking malloc.h presence
configure:10281: gcc -E  conftest.c
conftest.c:35:10: fatal error: 'malloc.h' file not found
#include <malloc.h>
         ^~~~~~~~~~
1 error generated.
configure:10281: $? = 1
configure: failed program was:
| /* confdefs.h */
| #define PACKAGE_NAME "sqlite"
| #define PACKAGE_TARNAME "sqlite"
| #define PACKAGE_VERSION "3.43.2"
| #define PACKAGE_STRING "sqlite 3.43.2"
| #define PACKAGE_BUGREPORT ""
| #define PACKAGE_URL ""
| #define STDC_HEADERS 1
| #define HAVE_SYS_TYPES_H 1
| #define HAVE_SYS_STAT_H 1
| #define HAVE_STDLIB_H 1
| #define HAVE_STRING_H 1
| #define HAVE_MEMORY_H 1
| #define HAVE_STRINGS_H 1
| #define HAVE_INTTYPES_H 1
| #define HAVE_STDINT_H 1
| #define HAVE_UNISTD_H 1
| #define HAVE_DLFCN_H 1
| #define LT_OBJDIR ".libs/"
| #define HAVE_INT8_T 1
| #define HAVE_INT16_T 1
| #define HAVE_INT32_T 1
| #define HAVE_INT64_T 1
| #define HAVE_INTPTR_T 1
| #define HAVE_UINT8_T 1
| #define HAVE_UINT16_T 1
| #define HAVE_UINT32_T 1
| #define HAVE_UINT64_T 1
| #define HAVE_UINTPTR_T 1
| #define HAVE_SYS_TYPES_H 1
| #define HAVE_STDLIB_H 1
| #define HAVE_STDINT_H 1
| #define HAVE_INTTYPES_H 1
| /* end confdefs.h.  */
| #include <malloc.h>
configure:10281: result: no
configure:10281: checking for malloc.h
configure:10281: result: no
configure:10298: checking for fdatasync
configure:10298: gcc -o conftest -g -O2   conftest.c  >&5
configure:10298: $? = 0
configure:10298: result: yes
configure:10298: checking for gmtime_r
configure:10298: gcc -o conftest -g -O2   conftest.c  >&5
configure:10298: $? = 0
configure:10298: result: yes
configure:10298: checking for isnan
configure:10298: gcc -o conftest -g -O2   conftest.c  >&5
configure:10298: $? = 0
configure:10298: result: yes
configure:10298: checking for localtime_r
configure:10298: gcc -o conftest -g -O2   conftest.c  >&5
configure:10298: $? = 0
configure:10298: result: yes
configure:10298: checking for localtime_s
configure:10298: gcc -o conftest -g -O2   conftest.c  >&5
ld: Undefined symbols:
  _localtime_s, referenced from:
      _main in conftest-f3cb7a.o
clang: error: linker command failed with exit code 1 (use -v to see invocation)
configure:10298: $? = 1
configure: failed program was:
| /* confdefs.h */
| #define PACKAGE_NAME "sqlite"
| #define PACKAGE_TARNAME "sqlite"
| #define PACKAGE_VERSION "3.43.2"
| #define PACKAGE_STRING "sqlite 3.43.2"
| #define PACKAGE_BUGREPORT ""
| #define PACKAGE_URL ""
| #define STDC_HEADERS 1
| #define HAVE_SYS_TYPES_H 1
| #define HAVE_SYS_STAT_H 1
| #define HAVE_STDLIB_H 1
| #define HAVE_STRING_H 1
| #define HAVE_MEMORY_H 1
| #define HAVE_STRINGS_H 1
| #define HAVE_INTTYPES_H 1
| #define HAVE_STDINT_H 1
| #define HAVE_UNISTD_H 1
| #define HAVE_DLFCN_H 1
| #define LT_OBJDIR ".libs/"
| #define HAVE_INT8_T 1
| #define HAVE_INT16_T 1
| #define HAVE_INT32_T 1
| #define HAVE_INT64_T 1
| #define HAVE_INTPTR_T 1
| #define HAVE_UINT8_T 1
| #define HAVE_UINT16_T 1
| #define HAVE_UINT32_T 1
| #define HAVE_UINT64_T 1
| #define HAVE_UINTPTR_T 1
| #define HAVE_SYS_TYPES_H 1
| #define HAVE_STDLIB_H 1
| #define HAVE_STDINT_H 1
| #define HAVE_INTTYPES_H 1
| #define HAVE_FDATASYNC 1
| #define HAVE_GMTIME_R 1
| #define HAVE_ISNAN 1
| #define HAVE_LOCALTIME_R 1
| /* end confdefs.h.  */
| /* Define localtime_s to an innocuous variant, in case <limits.h> declares localtime_s.
|    For example, HP-UX 11i <limits.h> declares gettimeofday.  */
| #define localtime_s innocuous_localtime_s
| 
| /* System header to define __stub macros and hopefully few prototypes,
|     which can conflict with char localtime_s (); below.
|     Prefer <limits.h> to <assert.h> if __STDC__ is defined, since
|     <limits.h> exists even on freestanding compilers.  */
| 
| #ifdef __STDC__
| # include <limits.h>
| #else
| # include <assert.h>
| #endif
| 
| #undef localtime_s
| 
| /* Override any GCC internal prototype to avoid an error.
|    Use char because int might match the return type of a GCC
|    builtin and then its argument prototype would still apply.  */
| #ifdef __cplusplus
| extern "C"
| #endif
| char localtime_s ();
| /* The GNU C library defines this for functions which it implements
|     to always fail with ENOSYS.  Some functions are actually named
|     something starting with __ and the normal name is an alias.  */
| #if defined __stub_localtime_s || defined __stub___localtime_s
| choke me
| #endif
| 
| int
| main ()
| {
| return localtime_s ();
|   ;
|   return 0;
| }
configure:10298: result: no
configure:10298: checking for malloc_usable_size
configure:10298: gcc -o conftest -g -O2   conftest.c  >&5
ld: Undefined symbols:
  _malloc_usable_size, referenced from:
      _main in conftest-3ccf43.o
clang: error: linker command failed with exit code 1 (use -v to see invocation)
configure:10298: $? = 1
configure: failed program was:
| /* confdefs.h */
| #define PACKAGE_NAME "sqlite"
| #define PACKAGE_TARNAME "sqlite"
| #define PACKAGE_VERSION "3.43.2"
| #define PACKAGE_STRING "sqlite 3.43.2"
| #define PACKAGE_BUGREPORT ""
| #define PACKAGE_URL ""
| #define STDC_HEADERS 1
| #define HAVE_SYS_TYPES_H 1
| #define HAVE_SYS_STAT_H 1
| #define HAVE_STDLIB_H 1
| #define HAVE_STRING_H 1
| #define HAVE_MEMORY_H 1
| #define HAVE_STRINGS_H 1
| #define HAVE_INTTYPES_H 1
| #define HAVE_STDINT_H 1
| #define HAVE_UNISTD_H 1
| #define HAVE_DLFCN_H 1
| #define LT_OBJDIR ".libs/"
| #define HAVE_INT8_T 1
| #define HAVE_INT16_T 1
| #define HAVE_INT32_T 1
| #define HAVE_INT64_T 1
| #define HAVE_INTPTR_T 1
| #define HAVE_UINT8_T 1
| #define HAVE_UINT16_T 1
| #define HAVE_UINT32_T 1
| #define HAVE_UINT64_T 1
| #define HAVE_UINTPTR_T 1
| #define HAVE_SYS_TYPES_H 1
| #define HAVE_STDLIB_H 1
| #define HAVE_STDINT_H 1
| #define HAVE_INTTYPES_H 1
| #define HAVE_FDATASYNC 1
| #define HAVE_GMTIME_R 1
| #define HAVE_ISNAN 1
| #define HAVE_LOCALTIME_R 1
| /* end confdefs.h.  */
| /* Define malloc_usable_size to an innocuous variant, in case <limits.h> declares malloc_usable_size.
|    For example, HP-UX 11i <limits.h> declares gettimeofday.  */
| #define malloc_usable_size innocuous_malloc_usable_size
| 
| /* System header to define __stub macros and hopefully few prototypes,
|     which can conflict with char malloc_usable_size (); below.
|     Prefer <limits.h> to <assert.h> if __STDC__ is defined, since
|     <limits.h> exists even on freestanding compilers.  */
| 
| #ifdef __STDC__
| # include <limits.h>
| #else
| # include <assert.h>
| #endif
| 
| #undef malloc_usable_size
| 
| /* Override any GCC internal prototype to avoid an error.
|    Use char because int might match the return type of a GCC
|    builtin and then its argument prototype would still apply.  */
| #ifdef __cplusplus
| extern "C"
| #endif
| char malloc_usable_size ();
| /* The GNU C library defines this for functions which it implements
|     to always fail with ENOSYS.  Some functions are actually named
|     something starting with __ and the normal name is an alias.  */
| #if defined __stub_malloc_usable_size || defined __stub___malloc_usable_size
| choke me
| #endif
| 
| int
| main ()
| {
| return malloc_usable_size ();
|   ;
|   return 0;
| }
configure:10298: result: no
configure:10298: checking for strchrnul
configure:10298: gcc -o conftest -g -O2   conftest.c  >&5
ld: Undefined symbols:
  _strchrnul, referenced from:
      _main in conftest-4ed12e.o
clang: error: linker command failed with exit code 1 (use -v to see invocation)
configure:10298: $? = 1
configure: failed program was:
| /* confdefs.h */
| #define PACKAGE_NAME "sqlite"
| #define PACKAGE_TARNAME "sqlite"
| #define PACKAGE_VERSION "3.43.2"
| #define PACKAGE_STRING "sqlite 3.43.2"
| #define PACKAGE_BUGREPORT ""
| #define PACKAGE_URL ""
| #define STDC_HEADERS 1
| #define HAVE_SYS_TYPES_H 1
| #define HAVE_SYS_STAT_H 1
| #define HAVE_STDLIB_H 1
| #define HAVE_STRING_H 1
| #define HAVE_MEMORY_H 1
| #define HAVE_STRINGS_H 1
| #define HAVE_INTTYPES_H 1
| #define HAVE_STDINT_H 1
| #define HAVE_UNISTD_H 1
| #define HAVE_DLFCN_H 1
| #define LT_OBJDIR ".libs/"
| #define HAVE_INT8_T 1
| #define HAVE_INT16_T 1
| #define HAVE_INT32_T 1
| #define HAVE_INT64_T 1
| #define HAVE_INTPTR_T 1
| #define HAVE_UINT8_T 1
| #define HAVE_UINT16_T 1
| #define HAVE_UINT32_T 1
| #define HAVE_UINT64_T 1
| #define HAVE_UINTPTR_T 1
| #define HAVE_SYS_TYPES_H 1
| #define HAVE_STDLIB_H 1
| #define HAVE_STDINT_H 1
| #define HAVE_INTTYPES_H 1
| #define HAVE_FDATASYNC 1
| #define HAVE_GMTIME_R 1
| #define HAVE_ISNAN 1
| #define HAVE_LOCALTIME_R 1
| /* end confdefs.h.  */
| /* Define strchrnul to an innocuous variant, in case <limits.h> declares strchrnul.
|    For example, HP-UX 11i <limits.h> declares gettimeofday.  */
| #define strchrnul innocuous_strchrnul
| 
| /* System header to define __stub macros and hopefully few prototypes,
|     which can conflict with char strchrnul (); below.
|     Prefer <limits.h> to <assert.h> if __STDC__ is defined, since
|     <limits.h> exists even on freestanding compilers.  */
| 
| #ifdef __STDC__
| # include <limits.h>
| #else
| # include <assert.h>
| #endif
| 
| #undef strchrnul
| 
| /* Override any GCC internal prototype to avoid an error.
|    Use char because int might match the return type of a GCC
|    builtin and then its argument prototype would still apply.  */
| #ifdef __cplusplus
| extern "C"
| #endif
| char strchrnul ();
| /* The GNU C library defines this for functions which it implements
|     to always fail with ENOSYS.  Some functions are actually named
|     something starting with __ and the normal name is an alias.  */
| #if defined __stub_strchrnul || defined __stub___strchrnul
| choke me
| #endif
| 
| int
| main ()
| {
| return strchrnul ();
|   ;
|   return 0;
| }
configure:10298: result: no
configure:10298: checking for usleep
configure:10298: gcc -o conftest -g -O2   conftest.c  >&5
configure:10298: $? = 0
configure:10298: result: yes
configure:10298: checking for utime
configure:10298: gcc -o conftest -g -O2   conftest.c  >&5
configure:10298: $? = 0
configure:10298: result: yes
configure:10298: checking for pread
configure:10298: gcc -o conftest -g -O2   conftest.c  >&5
configure:10298: $? = 0
configure:10298: result: yes
configure:10298: checking for pread64
configure:10298: gcc -o conftest -g -O2   conftest.c  >&5
ld: Undefined symbols:
  _pread64, referenced from:
      _main in conftest-eb4a28.o
clang: error: linker command failed with exit code 1 (use -v to see invocation)
configure:10298: $? = 1
configure: failed program was:
| /* confdefs.h */
| #define PACKAGE_NAME "sqlite"
| #define PACKAGE_TARNAME "sqlite"
| #define PACKAGE_VERSION "3.43.2"
| #define PACKAGE_STRING "sqlite 3.43.2"
| #define PACKAGE_BUGREPORT ""
| #define PACKAGE_URL ""
| #define STDC_HEADERS 1
| #define HAVE_SYS_TYPES_H 1
| #define HAVE_SYS_STAT_H 1
| #define HAVE_STDLIB_H 1
| #define HAVE_STRING_H 1
| #define HAVE_MEMORY_H 1
| #define HAVE_STRINGS_H 1
| #define HAVE_INTTYPES_H 1
| #define HAVE_STDINT_H 1
| #define HAVE_UNISTD_H 1
| #define HAVE_DLFCN_H 1
| #define LT_OBJDIR ".libs/"
| #define HAVE_INT8_T 1
| #define HAVE_INT16_T 1
| #define HAVE_INT32_T 1
| #define HAVE_INT64_T 1
| #define HAVE_INTPTR_T 1
| #define HAVE_UINT8_T 1
| #define HAVE_UINT16_T 1
| #define HAVE_UINT32_T 1
| #define HAVE_UINT64_T 1
| #define HAVE_UINTPTR_T 1
| #define HAVE_SYS_TYPES_H 1
| #define HAVE_STDLIB_H 1
| #define HAVE_STDINT_H 1
| #define HAVE_INTTYPES_H 1
| #define HAVE_FDATASYNC 1
| #define HAVE_GMTIME_R 1
| #define HAVE_ISNAN 1
| #define HAVE_LOCALTIME_R 1
| #define HAVE_USLEEP 1
| #define HAVE_UTIME 1
| #define HAVE_PREAD 1
| /* end confdefs.h.  */
| /* Define pread64 to an innocuous variant, in case <limits.h> declares pread64.
|    For example, HP-UX 11i <limits.h> declares gettimeofday.  */
| #define pread64 innocuous_pread64
| 
| /* System header to define __stub macros and hopefully few prototypes,
|     which can conflict with char pread64 (); below.
|     Prefer <limits.h> to <assert.h> if __STDC__ is defined, since
|     <limits.h> exists even on freestanding compilers.  */
| 
| #ifdef __STDC__
| # include <limits.h>
| #else
| # include <assert.h>
| #endif
| 
| #undef pread64
| 
| /* Override any GCC internal prototype to avoid an error.
|    Use char because int might match the return type of a GCC
|    builtin and then its argument prototype would still apply.  */
| #ifdef __cplusplus
| extern "C"
| #endif
| char pread64 ();
| /* The GNU C library defines this for functions which it implements
|     to always fail with ENOSYS.  Some functions are actually named
|     something starting with __ and the normal name is an alias.  */
| #if defined __stub_pread64 || defined __stub___pread64
| choke me
| #endif
| 
| int
| main ()
| {
| return pread64 ();
|   ;
|   return 0;
| }
configure:10298: result: no
configure:10298: checking for pwrite
configure:10298: gcc -o conftest -g -O2   conftest.c  >&5
configure:10298: $? = 0
configure:10298: result: yes
configure:10298: checking for pwrite64
configure:10298: gcc -o conftest -g -O2   conftest.c  >&5
ld: Undefined symbols:
  _pwrite64, referenced from:
      _main in conftest-3c6421.o
clang: error: linker command failed with exit code 1 (use -v to see invocation)
configure:10298: $? = 1
configure: failed program was:
| /* confdefs.h */
| #define PACKAGE_NAME "sqlite"
| #define PACKAGE_TARNAME "sqlite"
| #define PACKAGE_VERSION "3.43.2"
| #define PACKAGE_STRING "sqlite 3.43.2"
| #define PACKAGE_BUGREPORT ""
| #define PACKAGE_URL ""
| #define STDC_HEADERS 1
| #define HAVE_SYS_TYPES_H 1
| #define HAVE_SYS_STAT_H 1
| #define HAVE_STDLIB_H 1
| #define HAVE_STRING_H 1
| #define HAVE_MEMORY_H 1
| #define HAVE_STRINGS_H 1
| #define HAVE_INTTYPES_H 1
| #define HAVE_STDINT_H 1
| #define HAVE_UNISTD_H 1
| #define HAVE_DLFCN_H 1
| #define LT_OBJDIR ".libs/"
| #define HAVE_INT8_T 1
| #define HAVE_INT16_T 1
| #define HAVE_INT32_T 1
| #define HAVE_INT64_T 1
| #define HAVE_INTPTR_T 1
| #define HAVE_UINT8_T 1
| #define HAVE_UINT16_T 1
| #define HAVE_UINT32_T 1
| #define HAVE_UINT64_T 1
| #define HAVE_UINTPTR_T 1
| #define HAVE_SYS_TYPES_H 1
| #define HAVE_STDLIB_H 1
| #define HAVE_STDINT_H 1
| #define HAVE_INTTYPES_H 1
| #define HAVE_FDATASYNC 1
| #define HAVE_GMTIME_R 1
| #define HAVE_ISNAN 1
| #define HAVE_LOCALTIME_R 1
| #define HAVE_USLEEP 1
| #define HAVE_UTIME 1
| #define HAVE_PREAD 1
| #define HAVE_PWRITE 1
| /* end confdefs.h.  */
| /* Define pwrite64 to an innocuous variant, in case <limits.h> declares pwrite64.
|    For example, HP-UX 11i <limits.h> declares gettimeofday.  */
| #define pwrite64 innocuous_pwrite64
| 
| /* System header to define __stub macros and hopefully few prototypes,
|     which can conflict with char pwrite64 (); below.
|     Prefer <limits.h> to <assert.h> if __STDC__ is defined, since
|     <limits.h> exists even on freestanding compilers.  */
| 
| #ifdef __STDC__
| # include <limits.h>
| #else
| # include <assert.h>
| #endif
| 
| #undef pwrite64
| 
| /* Override any GCC internal prototype to avoid an error.
|    Use char because int might match the return type of a GCC
|    builtin and then its argument prototype would still apply.  */
| #ifdef __cplusplus
| extern "C"
| #endif
| char pwrite64 ();
| /* The GNU C library defines this for functions which it implements
|     to always fail with ENOSYS.  Some functions are actually named
|     something starting with __ and the normal name is an alias.  */
| #if defined __stub_pwrite64 || defined __stub___pwrite64
| choke me
| #endif
| 
| int
| main ()
| {
| return pwrite64 ();
|   ;
|   return 0;
| }
configure:10298: result: no
configure:10322: checking for tclsh8.7
configure:10352: result: no
configure:10322: checking for tclsh8.6
configure:10338: found /Users/christian/anaconda3/bin/tclsh8.6
configure:10349: result: tclsh8.6
configure:10392: Version set to 3.43
configure:10396: Release set to 3.43.2
configure:10411: checking for WASI SDK directory
configure:10433: result: no
configure:10528: checking whether to support threadsafe operation
configure:10536: result: yes
configure:10542: checking for library containing pthread_create
configure:10573: gcc -o conftest -g -O2   conftest.c  >&5
configure:10573: $? = 0
configure:10590: result: none required
configure:10598: checking for library containing pthread_mutexattr_init
configure:10629: gcc -o conftest -g -O2   conftest.c  >&5
configure:10629: $? = 0
configure:10646: result: none required
configure:10666: checking whether to support shared library linked as release mode or not
configure:10670: result: no
configure:10689: checking whether to use an in-ram database for temporary tables
configure:10699: result: no
configure:10726: checking if executables have the .exe suffix
configure:10733: result: unknown
configure:10791: checking for Tcl configuration
configure:10913: result: found /Users/christian/anaconda3/lib/tclConfig.sh
configure:10916: checking for existence of /Users/christian/anaconda3/lib/tclConfig.sh
configure:10919: result: loading
configure:11003: checking for library containing readline
configure:11034: gcc -o conftest -g -O2 -DSQLITE_OS_UNIX=1   conftest.c  >&5
ld: Undefined symbols:
  _readline, referenced from:
      _main in conftest-7ee2c7.o
clang: error: linker command failed with exit code 1 (use -v to see invocation)
configure:11034: $? = 1
configure: failed program was:
| /* confdefs.h */
| #define PACKAGE_NAME "sqlite"
| #define PACKAGE_TARNAME "sqlite"
| #define PACKAGE_VERSION "3.43.2"
| #define PACKAGE_STRING "sqlite 3.43.2"
| #define PACKAGE_BUGREPORT ""
| #define PACKAGE_URL ""
| #define STDC_HEADERS 1
| #define HAVE_SYS_TYPES_H 1
| #define HAVE_SYS_STAT_H 1
| #define HAVE_STDLIB_H 1
| #define HAVE_STRING_H 1
| #define HAVE_MEMORY_H 1
| #define HAVE_STRINGS_H 1
| #define HAVE_INTTYPES_H 1
| #define HAVE_STDINT_H 1
| #define HAVE_UNISTD_H 1
| #define HAVE_DLFCN_H 1
| #define LT_OBJDIR ".libs/"
| #define HAVE_INT8_T 1
| #define HAVE_INT16_T 1
| #define HAVE_INT32_T 1
| #define HAVE_INT64_T 1
| #define HAVE_INTPTR_T 1
| #define HAVE_UINT8_T 1
| #define HAVE_UINT16_T 1
| #define HAVE_UINT32_T 1
| #define HAVE_UINT64_T 1
| #define HAVE_UINTPTR_T 1
| #define HAVE_SYS_TYPES_H 1
| #define HAVE_STDLIB_H 1
| #define HAVE_STDINT_H 1
| #define HAVE_INTTYPES_H 1
| #define HAVE_FDATASYNC 1
| #define HAVE_GMTIME_R 1
| #define HAVE_ISNAN 1
| #define HAVE_LOCALTIME_R 1
| #define HAVE_USLEEP 1
| #define HAVE_UTIME 1
| #define HAVE_PREAD 1
| #define HAVE_PWRITE 1
| /* end confdefs.h.  */
| 
| /* Override any GCC internal prototype to avoid an error.
|    Use char because int might match the return type of a GCC
|    builtin and then its argument prototype would still apply.  */
| #ifdef __cplusplus
| extern "C"
| #endif
| char readline ();
| int
| main ()
| {
| return readline ();
|   ;
|   return 0;
| }
configure:11034: gcc -o conftest -g -O2 -DSQLITE_OS_UNIX=1   conftest.c -ledit   >&5
configure:11034: $? = 0
configure:11051: result: -ledit
configure:11257: checking for library containing fdatasync
configure:11288: gcc -o conftest -g -O2 -DSQLITE_OS_UNIX=1   conftest.c  >&5
configure:11288: $? = 0
configure:11305: result: none required
configure:11321: checking build type
configure:11329: result: release
configure:11351: checking zlib.h usability
configure:11351: gcc -c -g -O2 -DSQLITE_OS_UNIX=1  conftest.c >&5
configure:11351: $? = 0
configure:11351: result: yes
configure:11351: checking zlib.h presence
configure:11351: gcc -E  conftest.c
configure:11351: $? = 0
configure:11351: result: yes
configure:11351: checking for zlib.h
configure:11351: result: yes
configure:11361: checking for library containing deflate
configure:11392: gcc -o conftest -g -O2 -DSQLITE_OS_UNIX=1   conftest.c  >&5
ld: Undefined symbols:
  _deflate, referenced from:
      _main in conftest-e87d1b.o
clang: error: linker command failed with exit code 1 (use -v to see invocation)
configure:11392: $? = 1
configure: failed program was:
| /* confdefs.h */
| #define PACKAGE_NAME "sqlite"
| #define PACKAGE_TARNAME "sqlite"
| #define PACKAGE_VERSION "3.43.2"
| #define PACKAGE_STRING "sqlite 3.43.2"
| #define PACKAGE_BUGREPORT ""
| #define PACKAGE_URL ""
| #define STDC_HEADERS 1
| #define HAVE_SYS_TYPES_H 1
| #define HAVE_SYS_STAT_H 1
| #define HAVE_STDLIB_H 1
| #define HAVE_STRING_H 1
| #define HAVE_MEMORY_H 1
| #define HAVE_STRINGS_H 1
| #define HAVE_INTTYPES_H 1
| #define HAVE_STDINT_H 1
| #define HAVE_UNISTD_H 1
| #define HAVE_DLFCN_H 1
| #define LT_OBJDIR ".libs/"
| #define HAVE_INT8_T 1
| #define HAVE_INT16_T 1
| #define HAVE_INT32_T 1
| #define HAVE_INT64_T 1
| #define HAVE_INTPTR_T 1
| #define HAVE_UINT8_T 1
| #define HAVE_UINT16_T 1
| #define HAVE_UINT32_T 1
| #define HAVE_UINT64_T 1
| #define HAVE_UINTPTR_T 1
| #define HAVE_SYS_TYPES_H 1
| #define HAVE_STDLIB_H 1
| #define HAVE_STDINT_H 1
| #define HAVE_INTTYPES_H 1
| #define HAVE_FDATASYNC 1
| #define HAVE_GMTIME_R 1
| #define HAVE_ISNAN 1
| #define HAVE_LOCALTIME_R 1
| #define HAVE_USLEEP 1
| #define HAVE_UTIME 1
| #define HAVE_PREAD 1
| #define HAVE_PWRITE 1
| #define HAVE_ZLIB_H 1
| /* end confdefs.h.  */
| 
| /* Override any GCC internal prototype to avoid an error.
|    Use char because int might match the return type of a GCC
|    builtin and then its argument prototype would still apply.  */
| #ifdef __cplusplus
| extern "C"
| #endif
| char deflate ();
| int
| main ()
| {
| return deflate ();
|   ;
|   return 0;
| }
configure:11392: gcc -o conftest -g -O2 -DSQLITE_OS_UNIX=1   conftest.c -lz   >&5
configure:11392: $? = 0
configure:11409: result: -lz
configure:11432: checking for library containing dlopen
configure:11463: gcc -o conftest -g -O2 -DSQLITE_OS_UNIX=1   conftest.c -lz  >&5
configure:11463: $? = 0
configure:11480: result: none required
configure:11500: checking whether to support math functions
configure:11506: result: yes
configure:11509: checking for library containing ceil
configure:11540: gcc -o conftest -g -O2 -DSQLITE_OS_UNIX=1   conftest.c -lz  >&5
conftest.c:51:6: warning: incompatible redeclaration of library function 'ceil' [-Wincompatible-library-redeclaration]
char ceil ();
     ^
conftest.c:51:6: note: 'ceil' is a builtin with type 'double (double)'
1 warning generated.
configure:11540: $? = 0
configure:11557: result: none required
configure:11575: checking whether to support JSON functions
configure:11582: result: yes
configure:11603: checking whether to support MEMSYS5
configure:11610: result: no
configure:11618: checking whether to support MEMSYS3
configure:11625: result: no
configure:11636: checking whether to support FTS3
configure:11643: result: no
configure:11651: checking whether to support FTS4
configure:11714: result: no
configure:11722: checking whether to support FTS5
configure:11785: result: no
configure:11797: checking whether to support LIMIT on UPDATE and DELETE statements
configure:11804: result: no
configure:11817: checking whether to support GEOPOLY
configure:11825: result: no
configure:11836: checking whether to support RTREE
configure:11843: result: no
configure:11854: checking whether to support SESSION
configure:11862: result: no
configure:12068: creating ./config.status

## ---------------------- ##
## Running config.status. ##
## ---------------------- ##

This file was extended by sqlite config.status 3.43.2, which was
generated by GNU Autoconf 2.69.  Invocation command line was

  CONFIG_FILES    = 
  CONFIG_HEADERS  = 
  CONFIG_LINKS    = 
  CONFIG_COMMANDS = 
  $ ./config.status 

on ronaldo

config.status:1082: creating Makefile
config.status:1082: creating sqlite3.pc
config.status:1082: creating sqlite_cfg.h
config.status:1271: executing libtool commands

## ---------------- ##
## Cache variables. ##
## ---------------- ##

ac_cv_build=x86_64-apple-darwin23.0.0
ac_cv_c_compiler_gnu=yes
ac_cv_c_tclconfig=/Users/christian/anaconda3/lib
ac_cv_env_CC_set=
ac_cv_env_CC_value=
ac_cv_env_CFLAGS_set=
ac_cv_env_CFLAGS_value=
ac_cv_env_CPPFLAGS_set=
ac_cv_env_CPPFLAGS_value=
ac_cv_env_CPP_set=
ac_cv_env_CPP_value=
ac_cv_env_LDFLAGS_set=
ac_cv_env_LDFLAGS_value=
ac_cv_env_LIBS_set=
ac_cv_env_LIBS_value=
ac_cv_env_TCLLIBDIR_set=
ac_cv_env_TCLLIBDIR_value=
ac_cv_env_build_alias_set=
ac_cv_env_build_alias_value=
ac_cv_env_host_alias_set=
ac_cv_env_host_alias_value=
ac_cv_env_target_alias_set=
ac_cv_env_target_alias_value=
ac_cv_func_fdatasync=yes
ac_cv_func_gmtime_r=yes
ac_cv_func_isnan=yes
ac_cv_func_localtime_r=yes
ac_cv_func_localtime_s=no
ac_cv_func_malloc_usable_size=no
ac_cv_func_pread64=no
ac_cv_func_pread=yes
ac_cv_func_pwrite64=no
ac_cv_func_pwrite=yes
ac_cv_func_strchrnul=no
ac_cv_func_usleep=yes
ac_cv_func_utime=yes
ac_cv_header_dlfcn_h=yes
ac_cv_header_inttypes_h=yes
ac_cv_header_malloc_h=no
ac_cv_header_memory_h=yes
ac_cv_header_stdc=yes
ac_cv_header_stdint_h=yes
ac_cv_header_stdlib_h=yes
ac_cv_header_string_h=yes
ac_cv_header_strings_h=yes
ac_cv_header_sys_stat_h=yes
ac_cv_header_sys_types_h=yes
ac_cv_header_unistd_h=yes
ac_cv_header_zlib_h=yes
ac_cv_host=x86_64-apple-darwin23.0.0
ac_cv_objext=o
ac_cv_path_EGREP='/usr/bin/grep -E'
ac_cv_path_FGREP='/usr/bin/grep -F'
ac_cv_path_GREP=/usr/bin/grep
ac_cv_path_SED=/usr/local/bin/gsed
ac_cv_path_install='/usr/bin/install -c'
ac_cv_prog_CPP='gcc -E'
ac_cv_prog_TCLSH_CMD=tclsh8.6
ac_cv_prog_ac_ct_AR=ar
ac_cv_prog_ac_ct_CC=gcc
ac_cv_prog_ac_ct_DSYMUTIL=dsymutil
ac_cv_prog_ac_ct_LIPO=lipo
ac_cv_prog_ac_ct_NMEDIT=nmedit
ac_cv_prog_ac_ct_OBJDUMP=objdump
ac_cv_prog_ac_ct_OTOOL=otool
ac_cv_prog_ac_ct_RANLIB=ranlib
ac_cv_prog_ac_ct_STRIP=strip
ac_cv_prog_cc_c89=
ac_cv_prog_cc_g=yes
ac_cv_search_ceil='none required'
ac_cv_search_deflate=-lz
ac_cv_search_dlopen='none required'
ac_cv_search_fdatasync='none required'
ac_cv_search_pthread_create='none required'
ac_cv_search_pthread_mutexattr_init='none required'
ac_cv_search_readline=-ledit
ac_cv_sys_file_offset_bits=no
ac_cv_sys_largefile_CC=no
ac_cv_type_int16_t=yes
ac_cv_type_int32_t=yes
ac_cv_type_int64_t=yes
ac_cv_type_int8_t=yes
ac_cv_type_intptr_t=yes
ac_cv_type_uint16_t=yes
ac_cv_type_uint32_t=yes
ac_cv_type_uint64_t=yes
ac_cv_type_uint8_t=yes
ac_cv_type_uintptr_t=yes
lt_cv_apple_cc_single_mod=no
lt_cv_deplibs_check_method=pass_all
lt_cv_file_magic_cmd='$MAGIC_CMD'
lt_cv_file_magic_test_file=
lt_cv_ld_exported_symbols_list=yes
lt_cv_ld_reload_flag=-r
lt_cv_nm_interface='BSD nm'
lt_cv_objdir=.libs
lt_cv_path_LD=/Applications/Xcode.app/Contents/Developer/Toolchains/XcodeDefault.xctoolchain/usr/bin/ld
lt_cv_path_NM='/usr/bin/nm -B'
lt_cv_prog_compiler_c_o=yes
lt_cv_prog_compiler_pic_works=yes
lt_cv_prog_compiler_rtti_exceptions=yes
lt_cv_prog_compiler_static_works=no
lt_cv_prog_gnu_ld=no
lt_cv_sys_global_symbol_pipe='sed -n -e '\''s/^.*[	 ]\([ABCDGIRSTW][ABCDGIRSTW]*\)[	 ][	 ]*_\([_A-Za-z][_A-Za-z0-9]*\)$/\1 _\2 \2/p'\'''
lt_cv_sys_global_symbol_to_c_name_address='sed -n -e '\''s/^: \([^ ]*\) $/  {\"\1\", (void *) 0},/p'\'' -e '\''s/^[ABCDGIRSTW]* \([^ ]*\) \([^ ]*\)$/  {"\2", (void *) \&\2},/p'\'''
lt_cv_sys_global_symbol_to_c_name_address_lib_prefix='sed -n -e '\''s/^: \([^ ]*\) $/  {\"\1\", (void *) 0},/p'\'' -e '\''s/^[ABCDGIRSTW]* \([^ ]*\) \(lib[^ ]*\)$/  {"\2", (void *) \&\2},/p'\'' -e '\''s/^[ABCDGIRSTW]* \([^ ]*\) \([^ ]*\)$/  {"lib\2", (void *) \&\2},/p'\'''
lt_cv_sys_global_symbol_to_cdecl='sed -n -e '\''s/^T .* \(.*\)$/extern int \1();/p'\'' -e '\''s/^[ABCDGIRSTW]* .* \(.*\)$/extern char \1;/p'\'''
lt_cv_sys_max_cmd_len=786432

## ----------------- ##
## Output variables. ##
## ----------------- ##

ALLOWRELEASE=''
AMALGAMATION_LINE_MACROS='--linemacros=0'
AR='ar'
BUILD_CC='gcc'
BUILD_CFLAGS=' -g -O2'
BUILD_EXEEXT=''
CC='gcc'
CFLAGS=' -g -O2 -DSQLITE_OS_UNIX=1'
CPP='gcc -E'
CPPFLAGS=''
DEFS='-DHAVE_CONFIG_H'
DSYMUTIL='dsymutil'
DUMPBIN=''
ECHO_C='\c'
ECHO_N=''
ECHO_T=''
EGREP='/usr/bin/grep -E'
EXEEXT=''
FGREP='/usr/bin/grep -F'
GREP='/usr/bin/grep'
HAVE_TCL='1'
HAVE_WASI_SDK=''
HAVE_ZLIB='-DSQLITE_HAVE_ZLIB=1'
INSTALL_DATA='${INSTALL} -m 644'
INSTALL_PROGRAM='${INSTALL}'
INSTALL_SCRIPT='${INSTALL}'
LD='/Applications/Xcode.app/Contents/Developer/Toolchains/XcodeDefault.xctoolchain/usr/bin/ld'
LDFLAGS=''
LIBOBJS=''
LIBS='-lz '
LIBTOOL='$(SHELL) $(top_builddir)/libtool'
LIPO='lipo'
LN_S='ln -s'
LTLIBOBJS=''
NM='/usr/bin/nm -B'
NMEDIT='nmedit'
OBJDUMP='objdump'
OBJEXT='o'
OPT_FEATURE_FLAGS=' -DSQLITE_ENABLE_MATH_FUNCTIONS'
OTOOL64=':'
OTOOL='otool'
PACKAGE_BUGREPORT=''
PACKAGE_NAME='sqlite'
PACKAGE_STRING='sqlite 3.43.2'
PACKAGE_TARNAME='sqlite'
PACKAGE_URL=''
PACKAGE_VERSION='3.43.2'
PATH_SEPARATOR=':'
RANLIB='ranlib'
RELEASE='3.43.2'
SED='/usr/local/bin/gsed'
SHELL='/bin/sh'
SQLITE_OS_UNIX='1'
SQLITE_OS_WIN='0'
SQLITE_THREADSAFE='1'
STRIP='strip'
TARGET_DEBUG='-DNDEBUG'
TARGET_EXEEXT=''
TARGET_HAVE_EDITLINE='1'
TARGET_HAVE_READLINE='0'
TARGET_READLINE_INC=''
TARGET_READLINE_LIBS='-ledit '
TCLLIBDIR='/Users/christian/anaconda3/lib/tcl8.6/sqlite3'
TCLSH_CMD='tclsh8.6'
TCL_BIN_DIR='/Users/christian/anaconda3/lib'
TCL_INCLUDE_SPEC='-I/Users/christian/anaconda3/include'
TCL_LIB_FILE='libtcl8.6.dylib'
TCL_LIB_FLAG='-ltcl8.6'
TCL_LIB_SPEC='-L/Users/christian/anaconda3/lib -ltcl8.6'
TCL_SHLIB_SUFFIX='.dylib'
TCL_SRC_DIR='/private/var/folders/sy/f16zz6x50xz3113nwtb9bvq00000gp/T/abs_a0b3437e-5427-478c-9c0d-3bf16a61dfacwyldasds/croots/recipe/tk_1654088774077/work/tcl8.6.12'
TCL_STUB_LIB_FILE='libtclstub8.6.a'
TCL_STUB_LIB_FLAG='-ltclstub8.6'
TCL_STUB_LIB_SPEC='-L/Users/christian/anaconda3/lib -ltclstub8.6'
TCL_VERSION='8.6'
TEMP_STORE='1'
USE_AMALGAMATION='1'
USE_GCOV='0'
VERSION='3.43'
ac_ct_CC='gcc'
ac_ct_DUMPBIN=''
bindir='${exec_prefix}/bin'
build='x86_64-apple-darwin23.0.0'
build_alias=''
build_cpu='x86_64'
build_os='darwin23.0.0'
build_vendor='apple'
datadir='${datarootdir}'
datarootdir='${prefix}/share'
docdir='${datarootdir}/doc/${PACKAGE_TARNAME}'
dvidir='${docdir}'
exec_prefix='${prefix}'
host='x86_64-apple-darwin23.0.0'
host_alias=''
host_cpu='x86_64'
host_os='darwin23.0.0'
host_vendor='apple'
htmldir='${docdir}'
includedir='${prefix}/include'
infodir='${datarootdir}/info'
libdir='${exec_prefix}/lib'
libexecdir='${exec_prefix}/libexec'
localedir='${datarootdir}/locale'
localstatedir='${prefix}/var'
lt_ECHO='/bin/echo'
mandir='${datarootdir}/man'
oldincludedir='/usr/include'
pdfdir='${docdir}'
prefix='/usr/local'
program_prefix=''
program_transform_name='s,x,x,'
psdir='${docdir}'
sbindir='${exec_prefix}/sbin'
sharedstatedir='${prefix}/com'
sysconfdir='${prefix}/etc'
target_alias=''

## ----------- ##
## confdefs.h. ##
## ----------- ##

/* confdefs.h */
#define PACKAGE_NAME "sqlite"
#define PACKAGE_TARNAME "sqlite"
#define PACKAGE_VERSION "3.43.2"
#define PACKAGE_STRING "sqlite 3.43.2"
#define PACKAGE_BUGREPORT ""
#define PACKAGE_URL ""
#define STDC_HEADERS 1
#define HAVE_SYS_TYPES_H 1
#define HAVE_SYS_STAT_H 1
#define HAVE_STDLIB_H 1
#define HAVE_STRING_H 1
#define HAVE_MEMORY_H 1
#define HAVE_STRINGS_H 1
#define HAVE_INTTYPES_H 1
#define HAVE_STDINT_H 1
#define HAVE_UNISTD_H 1
#define HAVE_DLFCN_H 1
#define LT_OBJDIR ".libs/"
#define HAVE_INT8_T 1
#define HAVE_INT16_T 1
#define HAVE_INT32_T 1
#define HAVE_INT64_T 1
#define HAVE_INTPTR_T 1
#define HAVE_UINT8_T 1
#define HAVE_UINT16_T 1
#define HAVE_UINT32_T 1
#define HAVE_UINT64_T 1
#define HAVE_UINTPTR_T 1
#define HAVE_SYS_TYPES_H 1
#define HAVE_STDLIB_H 1
#define HAVE_STDINT_H 1
#define HAVE_INTTYPES_H 1
#define HAVE_FDATASYNC 1
#define HAVE_GMTIME_R 1
#define HAVE_ISNAN 1
#define HAVE_LOCALTIME_R 1
#define HAVE_USLEEP 1
#define HAVE_UTIME 1
#define HAVE_PREAD 1
#define HAVE_PWRITE 1
#define HAVE_ZLIB_H 1

configure: exit 0
